Message
"EventID=4688, Creator Subject: Security ID: S-1-5-21-..., Account Name: Administrator, Account Domain: DESKTOP-TEST, Logon ID: 0x12345, New Process ID: 0x1000, New Process Name: C:\\Windows\\System32\\cmd.exe, Creator Process ID: 0x500, Creator Process Name: C:\\Windows\\explorer.exe, Process Command Line: cmd.exe /c dir, Token Elevation Type: TokenElevationTypeFull (3), Mandatory Label: S-1-16-12288, TimeGenerated=1747186800"
"EventID=4688, Creator Subject: Security ID: S-1-5-21-..., Account Name: Administrator, Account Domain: DESKTOP-TEST, Logon ID: 0x12345, New Process ID: 0x1001, New Process Name: C:\\Windows\\System32\\WindowsPowerShell\\v1.0\\powershell.exe, Creator Process ID: 0x1000, Creator Process Name: C:\\Windows\\System32\\cmd.exe, Process Command Line: powershell -Command Get-Process, Token Elevation Type: TokenElevationTypeFull (3), Mandatory Label: S-1-16-12288, TimeGenerated=1747187100"
"EventID=4688, Creator Subject: Security ID: S-1-5-21-..., Account Name: User1, Account Domain: DESKTOP-TEST, Logon ID: 0x54321, New Process ID: 0x1002, New Process Name: C:\\Windows\\System32\\notepad.exe, Creator Process ID: 0x600, Creator Process Name: C:\\Windows\\explorer.exe, Process Command Line: notepad.exe, Token Elevation Type: TokenElevationTypeDefault (1), Mandatory Label: S-1-16-8192, TimeGenerated=1747187400"
"EventID=4688, Creator Subject: Security ID: S-1-5-21-..., Account Name: Administrator, Account Domain: DESKTOP-TEST, Logon ID: 0x12345, New Process ID: 0x1003, New Process Name: C:\\Program Files (x86)\\Microsoft\\Edge\\Application\\msedge.exe, Creator Process ID: 0x700, Creator Process Name: C:\\Windows\\explorer.exe, Process Command Line: msedge.exe --url https://example.com --curl, Token Elevation Type: TokenElevationTypeLimited (2), Mandatory Label: S-1-16-8192, TimeGenerated=1747187700"
"EventID=4688, Creator Subject: Security ID: S-1-5-21-..., Account Name: Administrator, Account Domain: DESKTOP-TEST, Logon ID: 0x12345, New Process ID: 0x1004, New Process Name: C:\\Windows\\System32\\cmd.exe, Creator Process ID: 0x1003, Creator Process Name: C:\\Program Files (x86)\\Microsoft\\Edge\\Application\\msedge.exe, Process Command Line: cmd.exe /c echo test, Token Elevation Type: TokenElevationTypeLimited (2), Mandatory Label: S-1-16-8192, TimeGenerated=1747187820"
"EventID=4688, Creator Subject: Security ID: S-1-5-21-..., Account Name: User1, Account Domain: DESKTOP-TEST, Logon ID: 0x54321, New Process ID: 0x1005, New Process Name: C:\\Windows\\explorer.exe, Creator Process ID: 0x800, Creator Process Name: C:\\Windows\\System32\\svchost.exe, Process Command Line: explorer.exe, Token Elevation Type: TokenElevationTypeDefault (1), Mandatory Label: S-1-16-8192, TimeGenerated=1747190400"
"EventID=4688, Creator Subject: Security ID: S-1-5-21-..., Account Name: Administrator, Account Domain: DESKTOP-TEST, Logon ID: 0x12345, New Process ID: 0x1006, New Process Name: C:\\Windows\\System32\\WindowsPowerShell\\v1.0\\powershell.exe, Creator Process ID: 0x900, Creator Process Name: C:\\Windows\\explorer.exe, Process Command Line: powershell -Command 'reg add HKLM\\Software\\Test', Token Elevation Type: TokenElevationTypeFull (3), Mandatory Label: S-1-16-12288, TimeGenerated=1747195860"
"EventID=4688, Creator Subject: Security ID: S-1-5-21-..., Account Name: Administrator, Account Domain: DESKTOP-TEST, Logon ID: 0x12345, New Process ID: 0x1007, New Process Name: C:\\Windows\\System32\\reg.exe, Creator Process ID: 0x1006, Creator Process Name: C:\\Windows\\System32\\WindowsPowerShell\\v1.0\\powershell.exe, Process Command Line: reg add HKLM\\Software\\Test, Token Elevation Type: TokenElevationTypeFull (3), Mandatory Label: S-1-16-12288, TimeGenerated=1747195920"
"EventID=4688, Creator Subject: Security ID: S-1-5-21-..., Account Name: User1, Account Domain: DESKTOP-TEST, Logon ID: 0x54321, New Process ID: 0x1008, New Process Name: C:\\Windows\\System32\\notepad.exe, Creator Process ID: 0x1005, Creator Process Name: C:\\Windows\\explorer.exe, Process Command Line: notepad.exe, Token Elevation Type: TokenElevationTypeDefault (1), Mandatory Label: S-1-16-8192, TimeGenerated=1747196880"
"EventID=4688, Creator Subject: Security ID: S-1-5-21-..., Account Name: Administrator, Account Domain: DESKTOP-TEST, Logon ID: 0x12345, New Process ID: 0x1009, New Process Name: C:\\Windows\\System32\\cmd.exe, Creator Process ID: 0xA00, Creator Process Name: C:\\Windows\\explorer.exe, Process Command Line: cmd.exe /c dir, Token Elevation Type: TokenElevationTypeFull (3), Mandatory Label: S-1-16-12288, TimeGenerated=1747197600"